[    1854ms] [LOG] %c
                                               
      ‚Ėą‚Ėą‚ēó ‚Ėą‚Ėą‚Ėą‚Ėą‚Ėą‚ēó ‚Ėą‚Ėą‚Ėą‚Ėą‚Ėą‚Ėą‚ēó ‚Ėą‚Ėą‚ēó‚Ėą‚Ėą‚Ėą‚ēó  ‚Ėą‚Ėą‚ēó‚Ėą‚Ėą‚Ėą‚Ėą‚Ėą‚Ėą‚Ėą‚Ėą‚ēó 
      ‚Ėą‚Ėą‚ēĎ‚Ėą‚Ėą‚ēĒ‚ēź‚ēź‚Ėą‚Ėą‚ēó‚Ėą‚Ėą‚ēĒ‚ēź‚ēź‚Ėą‚Ėą‚ēó‚Ėą‚Ėą‚ēĎ‚Ėą‚Ėą‚Ėą‚Ėą‚ēó ‚Ėą‚Ėą‚ēĎ‚ēö‚ēź‚ēź‚Ėą‚Ėą‚ēĒ‚ēź‚ēź‚ēĚ 
      ‚Ėą‚Ėą‚ēĎ‚Ėą‚Ėą‚ēĎ  ‚Ėą‚Ėą‚ēĎ‚Ėą‚Ėą‚Ėą‚Ėą‚Ėą‚Ėą‚ēĒ‚ēĚ‚Ėą‚Ėą‚ēĎ‚Ėą‚Ėą‚ēĒ‚Ėą‚Ėą‚ēó‚Ėą‚Ėą‚ēĎ   ‚Ėą‚Ėą‚ēĎ    
 ‚Ėą‚Ėą‚ēó  ‚Ėą‚Ėą‚ēĎ‚Ėą‚Ėą‚ēĎ  ‚Ėą‚Ėą‚ēĎ‚Ėą‚Ėą‚ēĒ‚ēź‚ēź‚Ėą‚Ėą‚ēó‚Ėą‚Ėą‚ēĎ‚Ėą‚Ėą‚ēĎ‚ēö‚Ėą‚Ėą‚Ėą‚Ėą‚ēĎ   ‚Ėą‚Ėą‚ēĎ    
 ‚ēö‚Ėą‚Ėą‚Ėą‚Ėą‚Ėą‚ēĒ‚ēĚ‚ēö‚Ėą‚Ėą‚Ėą‚Ėą‚Ėą‚ēĒ‚ēĚ‚Ėą‚Ėą‚Ėą‚Ėą‚Ėą‚Ėą‚ēĒ‚ēĚ‚Ėą‚Ėą‚ēĎ‚Ėą‚Ėą‚ēĎ ‚ēö‚Ėą‚Ėą‚Ėą‚ēĎ   ‚Ėą‚Ėą‚ēĎ    
  ‚ēö‚ēź‚ēź‚ēź‚ēź‚ēĚ  ‚ēö‚ēź‚ēź‚ēź‚ēź‚ēĚ ‚ēö‚ēź‚ēź‚ēź‚ēź‚ēź‚ēĚ ‚ēö‚ēź‚ēĚ‚ēö‚ēź‚ēĚ  ‚ēö‚ēź‚ēź‚ēĚ   ‚ēö‚ēź‚ēĚ    
                                               
     TRABAJANDO PARA QUE CONSIGAS LABURO!      
 font-family:monospace;color:#0A26EE;font-size:12px; @ https://www.bumeran.com.ar/candidate/static/js/main.261721ad.js:9527
[    2111ms] [ERROR] Failed to load resource: the server responded with a status of 404 () @ https://www.bumeran.com.ar/favicon.ico:0
[    2124ms] [ERROR] Error: <path> attribute d: Expected arc flag ('0' or '1'), "M 0 8 a 8 8 0 18 -8 h 312 a 8 8‚Ä¶". @ https://www.bumeran.com.ar/candidate/static/js/main.261721ad.js:1397
[    2124ms] [ERROR] Error: <rect> attribute width: A negative value is not valid. ("-32") @ https://www.bumeran.com.ar/candidate/static/js/main.261721ad.js:1397
[    2125ms] [ERROR] Error: <rect> attribute width: A negative value is not valid. ("-16") @ https://www.bumeran.com.ar/candidate/static/js/main.261721ad.js:1397
[    2125ms] [ERROR] Error: <rect> attribute width: A negative value is not valid. ("-19.2") @ https://www.bumeran.com.ar/candidate/static/js/main.261721ad.js:1397
[    2125ms] [ERROR] Error: <rect> attribute width: A negative value is not valid. ("-16") @ https://www.bumeran.com.ar/candidate/static/js/main.261721ad.js:1397
[    2125ms] [ERROR] Error: <rect> attribute width: A negative value is not valid. ("-32") @ https://www.bumeran.com.ar/candidate/static/js/main.261721ad.js:1397
[    2125ms] [ERROR] Error: <rect> attribute width: A negative value is not valid. ("-32") @ https://www.bumeran.com.ar/candidate/static/js/main.261721ad.js:1397
[    2125ms] [ERROR] Error: <svg> attribute viewBox: Expected number, "0 0 100% 100%". @ https://www.bumeran.com.ar/candidate/static/js/main.261721ad.js:1397
[    2128ms] [ERROR] Error: <path> attribute d: Expected arc flag ('0' or '1'), "M 0 8 a 8 8 0 18 -8 h 312 a 8 8‚Ä¶". @ https://www.bumeran.com.ar/candidate/static/js/main.261721ad.js:1397
[    2128ms] [ERROR] Error: <rect> attribute width: A negative value is not valid. ("-32") @ https://www.bumeran.com.ar/candidate/static/js/main.261721ad.js:1397
[    2128ms] [ERROR] Error: <rect> attribute width: A negative value is not valid. ("-16") @ https://www.bumeran.com.ar/candidate/static/js/main.261721ad.js:1397
[    2128ms] [ERROR] Error: <rect> attribute width: A negative value is not valid. ("-19.2") @ https://www.bumeran.com.ar/candidate/static/js/main.261721ad.js:1397
[    2128ms] [ERROR] Error: <rect> attribute width: A negative value is not valid. ("-16") @ https://www.bumeran.com.ar/candidate/static/js/main.261721ad.js:1397
[    2129ms] [ERROR] Error: <rect> attribute width: A negative value is not valid. ("-32") @ https://www.bumeran.com.ar/candidate/static/js/main.261721ad.js:1397
[    2129ms] [ERROR] Error: <rect> attribute width: A negative value is not valid. ("-32") @ https://www.bumeran.com.ar/candidate/static/js/main.261721ad.js:1397
[    2129ms] [ERROR] Error: <svg> attribute viewBox: Expected number, "0 0 100% 100%". @ https://www.bumeran.com.ar/candidate/static/js/main.261721ad.js:1397
[    2130ms] [ERROR] Error: <path> attribute d: Expected arc flag ('0' or '1'), "M 0 8 a 8 8 0 18 -8 h 312 a 8 8‚Ä¶". @ https://www.bumeran.com.ar/candidate/static/js/main.261721ad.js:1397
[    2130ms] [ERROR] Error: <rect> attribute width: A negative value is not valid. ("-32") @ https://www.bumeran.com.ar/candidate/static/js/main.261721ad.js:1397
[    2130ms] [ERROR] Error: <rect> attribute width: A negative value is not valid. ("-16") @ https://www.bumeran.com.ar/candidate/static/js/main.261721ad.js:1397
[    2130ms] [ERROR] Error: <rect> attribute width: A negative value is not valid. ("-19.2") @ https://www.bumeran.com.ar/candidate/static/js/main.261721ad.js:1397
[    2130ms] [ERROR] Error: <rect> attribute width: A negative value is not valid. ("-16") @ https://www.bumeran.com.ar/candidate/static/js/main.261721ad.js:1397
[    2130ms] [ERROR] Error: <rect> attribute width: A negative value is not valid. ("-32") @ https://www.bumeran.com.ar/candidate/static/js/main.261721ad.js:1397
[    2131ms] [ERROR] Error: <rect> attribute width: A negative value is not valid. ("-32") @ https://www.bumeran.com.ar/candidate/static/js/main.261721ad.js:1397
[    2131ms] [ERROR] Error: <svg> attribute viewBox: Expected number, "0 0 100% 100%". @ https://www.bumeran.com.ar/candidate/static/js/main.261721ad.js:1397
[    2132ms] [ERROR] Error: <path> attribute d: Expected arc flag ('0' or '1'), "M 0 8 a 8 8 0 18 -8 h 312 a 8 8‚Ä¶". @ https://www.bumeran.com.ar/candidate/static/js/main.261721ad.js:1397
[    2132ms] [ERROR] Error: <rect> attribute width: A negative value is not valid. ("-32") @ https://www.bumeran.com.ar/candidate/static/js/main.261721ad.js:1397
[    2132ms] [ERROR] Error: <rect> attribute width: A negative value is not valid. ("-16") @ https://www.bumeran.com.ar/candidate/static/js/main.261721ad.js:1397
[    2132ms] [ERROR] Error: <rect> attribute width: A negative value is not valid. ("-19.2") @ https://www.bumeran.com.ar/candidate/static/js/main.261721ad.js:1397
[    2132ms] [ERROR] Error: <rect> attribute width: A negative value is not valid. ("-16") @ https://www.bumeran.com.ar/candidate/static/js/main.261721ad.js:1397
[    2132ms] [ERROR] Error: <rect> attribute width: A negative value is not valid. ("-32") @ https://www.bumeran.com.ar/candidate/static/js/main.261721ad.js:1397
[    2132ms] [ERROR] Error: <rect> attribute width: A negative value is not valid. ("-32") @ https://www.bumeran.com.ar/candidate/static/js/main.261721ad.js:1397
[    2132ms] [ERROR] Error: <svg> attribute viewBox: Expected number, "0 0 100% 100%". @ https://www.bumeran.com.ar/candidate/static/js/main.261721ad.js:1397
[    2134ms] [ERROR] Error: <path> attribute d: Expected arc flag ('0' or '1'), "M 0 8 a 8 8 0 18 -8 h 312 a 8 8‚Ä¶". @ https://www.bumeran.com.ar/candidate/static/js/main.261721ad.js:1397
[    2134ms] [ERROR] Error: <rect> attribute width: A negative value is not valid. ("-32") @ https://www.bumeran.com.ar/candidate/static/js/main.261721ad.js:1397
[    2134ms] [ERROR] Error: <rect> attribute width: A negative value is not valid. ("-16") @ https://www.bumeran.com.ar/candidate/static/js/main.261721ad.js:1397
[    2135ms] [ERROR] Error: <rect> attribute width: A negative value is not valid. ("-19.2") @ https://www.bumeran.com.ar/candidate/static/js/main.261721ad.js:1397
[    2135ms] [ERROR] Error: <rect> attribute width: A negative value is not valid. ("-16") @ https://www.bumeran.com.ar/candidate/static/js/main.261721ad.js:1397
[    2135ms] [ERROR] Error: <rect> attribute width: A negative value is not valid. ("-32") @ https://www.bumeran.com.ar/candidate/static/js/main.261721ad.js:1397
[    2135ms] [ERROR] Error: <rect> attribute width: A negative value is not valid. ("-32") @ https://www.bumeran.com.ar/candidate/static/js/main.261721ad.js:1397
[    2136ms] [ERROR] Error: <svg> attribute viewBox: Expected number, "0 0 100% 100%". @ https://www.bumeran.com.ar/candidate/static/js/main.261721ad.js:1397
[    2136ms] [ERROR] Error: <path> attribute d: Expected arc flag ('0' or '1'), "M 0 8 a 8 8 0 18 -8 h 312 a 8 8‚Ä¶". @ https://www.bumeran.com.ar/candidate/static/js/main.261721ad.js:1397
[    2136ms] [ERROR] Error: <rect> attribute width: A negative value is not valid. ("-32") @ https://www.bumeran.com.ar/candidate/static/js/main.261721ad.js:1397
[    2136ms] [ERROR] Error: <rect> attribute width: A negative value is not valid. ("-16") @ https://www.bumeran.com.ar/candidate/static/js/main.261721ad.js:1397
[    2136ms] [ERROR] Error: <rect> attribute width: A negative value is not valid. ("-19.2") @ https://www.bumeran.com.ar/candidate/static/js/main.261721ad.js:1397
[    2136ms] [ERROR] Error: <rect> attribute width: A negative value is not valid. ("-16") @ https://www.bumeran.com.ar/candidate/static/js/main.261721ad.js:1397
[    2136ms] [ERROR] Error: <rect> attribute width: A negative value is not valid. ("-32") @ https://www.bumeran.com.ar/candidate/static/js/main.261721ad.js:1397
[    2136ms] [ERROR] Error: <rect> attribute width: A negative value is not valid. ("-32") @ https://www.bumeran.com.ar/candidate/static/js/main.261721ad.js:1397
[    2137ms] [ERROR] Error: <svg> attribute viewBox: Expected number, "0 0 100% 100%". @ https://www.bumeran.com.ar/candidate/static/js/main.261721ad.js:1397
[    2137ms] [ERROR] Error: <path> attribute d: Expected arc flag ('0' or '1'), "M 0 8 a 8 8 0 18 -8 h 312 a 8 8‚Ä¶". @ https://www.bumeran.com.ar/candidate/static/js/main.261721ad.js:1397
[    2137ms] [ERROR] Error: <rect> attribute width: A negative value is not valid. ("-32") @ https://www.bumeran.com.ar/candidate/static/js/main.261721ad.js:1397
[    2137ms] [ERROR] Error: <rect> attribute width: A negative value is not valid. ("-16") @ https://www.bumeran.com.ar/candidate/static/js/main.261721ad.js:1397
[    2137ms] [ERROR] Error: <rect> attribute width: A negative value is not valid. ("-19.2") @ https://www.bumeran.com.ar/candidate/static/js/main.261721ad.js:1397
[    2137ms] [ERROR] Error: <rect> attribute width: A negative value is not valid. ("-16") @ https://www.bumeran.com.ar/candidate/static/js/main.261721ad.js:1397
[    2137ms] [ERROR] Error: <rect> attribute width: A negative value is not valid. ("-32") @ https://www.bumeran.com.ar/candidate/static/js/main.261721ad.js:1397
[    2137ms] [ERROR] Error: <rect> attribute width: A negative value is not valid. ("-32") @ https://www.bumeran.com.ar/candidate/static/js/main.261721ad.js:1397
[    2138ms] [ERROR] Error: <svg> attribute viewBox: Expected number, "0 0 100% 100%". @ https://www.bumeran.com.ar/candidate/static/js/main.261721ad.js:1397
[    2138ms] [ERROR] Error: <path> attribute d: Expected arc flag ('0' or '1'), "M 0 8 a 8 8 0 18 -8 h 312 a 8 8‚Ä¶". @ https://www.bumeran.com.ar/candidate/static/js/main.261721ad.js:1397
[    2138ms] [ERROR] Error: <rect> attribute width: A negative value is not valid. ("-32") @ https://www.bumeran.com.ar/candidate/static/js/main.261721ad.js:1397
[    2138ms] [ERROR] Error: <rect> attribute width: A negative value is not valid. ("-16") @ https://www.bumeran.com.ar/candidate/static/js/main.261721ad.js:1397
[    2138ms] [ERROR] Error: <rect> attribute width: A negative value is not valid. ("-19.2") @ https://www.bumeran.com.ar/candidate/static/js/main.261721ad.js:1397
[    2138ms] [ERROR] Error: <rect> attribute width: A negative value is not valid. ("-16") @ https://www.bumeran.com.ar/candidate/static/js/main.261721ad.js:1397
[    2138ms] [ERROR] Error: <rect> attribute width: A negative value is not valid. ("-32") @ https://www.bumeran.com.ar/candidate/static/js/main.261721ad.js:1397
[    2138ms] [ERROR] Error: <rect> attribute width: A negative value is not valid. ("-32") @ https://www.bumeran.com.ar/candidate/static/js/main.261721ad.js:1397
[    2139ms] [ERROR] Error: <svg> attribute viewBox: Expected number, "0 0 100% 100%". @ https://www.bumeran.com.ar/candidate/static/js/main.261721ad.js:1397
[    2140ms] [ERROR] Error: <path> attribute d: Expected arc flag ('0' or '1'), "M 0 8 a 8 8 0 18 -8 h 312 a 8 8‚Ä¶". @ https://www.bumeran.com.ar/candidate/static/js/main.261721ad.js:1397
[    2140ms] [ERROR] Error: <rect> attribute width: A negative value is not valid. ("-32") @ https://www.bumeran.com.ar/candidate/static/js/main.261721ad.js:1397
[    2140ms] [ERROR] Error: <rect> attribute width: A negative value is not valid. ("-16") @ https://www.bumeran.com.ar/candidate/static/js/main.261721ad.js:1397
[    2141ms] [ERROR] Error: <rect> attribute width: A negative value is not valid. ("-19.2") @ https://www.bumeran.com.ar/candidate/static/js/main.261721ad.js:1397
[    2141ms] [ERROR] Error: <rect> attribute width: A negative value is not valid. ("-16") @ https://www.bumeran.com.ar/candidate/static/js/main.261721ad.js:1397
[    2141ms] [ERROR] Error: <rect> attribute width: A negative value is not valid. ("-32") @ https://www.bumeran.com.ar/candidate/static/js/main.261721ad.js:1397
[    2141ms] [ERROR] Error: <rect> attribute width: A negative value is not valid. ("-32") @ https://www.bumeran.com.ar/candidate/static/js/main.261721ad.js:1397
[    2141ms] [ERROR] Error: <svg> attribute viewBox: Expected number, "0 0 100% 100%". @ https://www.bumeran.com.ar/candidate/static/js/main.261721ad.js:1397
[    2141ms] [ERROR] Error: <path> attribute d: Expected arc flag ('0' or '1'), "M 0 8 a 8 8 0 18 -8 h 312 a 8 8‚Ä¶". @ https://www.bumeran.com.ar/candidate/static/js/main.261721ad.js:1397
[    2142ms] [ERROR] Error: <rect> attribute width: A negative value is not valid. ("-32") @ https://www.bumeran.com.ar/candidate/static/js/main.261721ad.js:1397
[    2142ms] [ERROR] Error: <rect> attribute width: A negative value is not valid. ("-16") @ https://www.bumeran.com.ar/candidate/static/js/main.261721ad.js:1397
[    2142ms] [ERROR] Error: <rect> attribute width: A negative value is not valid. ("-19.2") @ https://www.bumeran.com.ar/candidate/static/js/main.261721ad.js:1397
[    2142ms] [ERROR] Error: <rect> attribute width: A negative value is not valid. ("-16") @ https://www.bumeran.com.ar/candidate/static/js/main.261721ad.js:1397
[    2142ms] [ERROR] Error: <rect> attribute width: A negative value is not valid. ("-32") @ https://www.bumeran.com.ar/candidate/static/js/main.261721ad.js:1397
[    2142ms] [ERROR] Error: <rect> attribute width: A negative value is not valid. ("-32") @ https://www.bumeran.com.ar/candidate/static/js/main.261721ad.js:1397
[    2142ms] [ERROR] Error: <svg> attribute viewBox: Expected number, "0 0 100% 100%". @ https://www.bumeran.com.ar/candidate/static/js/main.261721ad.js:1397
[    2143ms] [ERROR] Error: <path> attribute d: Expected arc flag ('0' or '1'), "M 0 8 a 8 8 0 18 -8 h 312 a 8 8‚Ä¶". @ https://www.bumeran.com.ar/candidate/static/js/main.261721ad.js:1397
[    2143ms] [ERROR] Error: <rect> attribute width: A negative value is not valid. ("-32") @ https://www.bumeran.com.ar/candidate/static/js/main.261721ad.js:1397
[    2143ms] [ERROR] Error: <rect> attribute width: A negative value is not valid. ("-16") @ https://www.bumeran.com.ar/candidate/static/js/main.261721ad.js:1397
[    2143ms] [ERROR] Error: <rect> attribute width: A negative value is not valid. ("-19.2") @ https://www.bumeran.com.ar/candidate/static/js/main.261721ad.js:1397
[    2143ms] [ERROR] Error: <rect> attribute width: A negative value is not valid. ("-16") @ https://www.bumeran.com.ar/candidate/static/js/main.261721ad.js:1397
[    2143ms] [ERROR] Error: <rect> attribute width: A negative value is not valid. ("-32") @ https://www.bumeran.com.ar/candidate/static/js/main.261721ad.js:1397
[    2143ms] [ERROR] Error: <rect> attribute width: A negative value is not valid. ("-32") @ https://www.bumeran.com.ar/candidate/static/js/main.261721ad.js:1397
[    2144ms] [ERROR] Error: <svg> attribute viewBox: Expected number, "0 0 100% 100%". @ https://www.bumeran.com.ar/candidate/static/js/main.261721ad.js:1397
[    2144ms] [ERROR] Error: <path> attribute d: Expected arc flag ('0' or '1'), "M 0 8 a 8 8 0 18 -8 h 312 a 8 8‚Ä¶". @ https://www.bumeran.com.ar/candidate/static/js/main.261721ad.js:1397
[    2144ms] [ERROR] Error: <rect> attribute width: A negative value is not valid. ("-32") @ https://www.bumeran.com.ar/candidate/static/js/main.261721ad.js:1397
[    2144ms] [ERROR] Error: <rect> attribute width: A negative value is not valid. ("-16") @ https://www.bumeran.com.ar/candidate/static/js/main.261721ad.js:1397
[    2144ms] [ERROR] Error: <rect> attribute width: A negative value is not valid. ("-19.2") @ https://www.bumeran.com.ar/candidate/static/js/main.261721ad.js:1397
[    2144ms] [ERROR] Error: <rect> attribute width: A negative value is not valid. ("-16") @ https://www.bumeran.com.ar/candidate/static/js/main.261721ad.js:1397
[    2144ms] [ERROR] Error: <rect> attribute width: A negative value is not valid. ("-32") @ https://www.bumeran.com.ar/candidate/static/js/main.261721ad.js:1397
[    2144ms] [ERROR] Error: <rect> attribute width: A negative value is not valid. ("-32") @ https://www.bumeran.com.ar/candidate/static/js/main.261721ad.js:1397
[    2145ms] [ERROR] Error: <svg> attribute viewBox: Expected number, "0 0 100% 100%". @ https://www.bumeran.com.ar/candidate/static/js/main.261721ad.js:1397
[    2146ms] [ERROR] Error: <path> attribute d: Expected arc flag ('0' or '1'), "M 0 8 a 8 8 0 18 -8 h 312 a 8 8‚Ä¶". @ https://www.bumeran.com.ar/candidate/static/js/main.261721ad.js:1397
[    2146ms] [ERROR] Error: <rect> attribute width: A negative value is not valid. ("-32") @ https://www.bumeran.com.ar/candidate/static/js/main.261721ad.js:1397
[    2146ms] [ERROR] Error: <rect> attribute width: A negative value is not valid. ("-16") @ https://www.bumeran.com.ar/candidate/static/js/main.261721ad.js:1397
[    2146ms] [ERROR] Error: <rect> attribute width: A negative value is not valid. ("-19.2") @ https://www.bumeran.com.ar/candidate/static/js/main.261721ad.js:1397
[    2146ms] [ERROR] Error: <rect> attribute width: A negative value is not valid. ("-16") @ https://www.bumeran.com.ar/candidate/static/js/main.261721ad.js:1397
[    2146ms] [ERROR] Error: <rect> attribute width: A negative value is not valid. ("-32") @ https://www.bumeran.com.ar/candidate/static/js/main.261721ad.js:1397
[    2146ms] [ERROR] Error: <rect> attribute width: A negative value is not valid. ("-32") @ https://www.bumeran.com.ar/candidate/static/js/main.261721ad.js:1397
[    2146ms] [ERROR] Error: <svg> attribute viewBox: Expected number, "0 0 100% 100%". @ https://www.bumeran.com.ar/candidate/static/js/main.261721ad.js:1397
[    2147ms] [ERROR] Error: <path> attribute d: Expected arc flag ('0' or '1'), "M 0 8 a 8 8 0 18 -8 h 312 a 8 8‚Ä¶". @ https://www.bumeran.com.ar/candidate/static/js/main.261721ad.js:1397
[    2147ms] [ERROR] Error: <rect> attribute width: A negative value is not valid. ("-32") @ https://www.bumeran.com.ar/candidate/static/js/main.261721ad.js:1397
[    2147ms] [ERROR] Error: <rect> attribute width: A negative value is not valid. ("-16") @ https://www.bumeran.com.ar/candidate/static/js/main.261721ad.js:1397
[    2147ms] [ERROR] Error: <rect> attribute width: A negative value is not valid. ("-19.2") @ https://www.bumeran.com.ar/candidate/static/js/main.261721ad.js:1397
[    2147ms] [ERROR] Error: <rect> attribute width: A negative value is not valid. ("-16") @ https://www.bumeran.com.ar/candidate/static/js/main.261721ad.js:1397
[    2147ms] [ERROR] Error: <rect> attribute width: A negative value is not valid. ("-32") @ https://www.bumeran.com.ar/candidate/static/js/main.261721ad.js:1397
[    2147ms] [ERROR] Error: <rect> attribute width: A negative value is not valid. ("-32") @ https://www.bumeran.com.ar/candidate/static/js/main.261721ad.js:1397
[    2148ms] [ERROR] Error: <svg> attribute viewBox: Expected number, "0 0 100% 100%". @ https://www.bumeran.com.ar/candidate/static/js/main.261721ad.js:1397
[    2148ms] [ERROR] Error: <path> attribute d: Expected arc flag ('0' or '1'), "M 0 8 a 8 8 0 18 -8 h 312 a 8 8‚Ä¶". @ https://www.bumeran.com.ar/candidate/static/js/main.261721ad.js:1397
[    2148ms] [ERROR] Error: <rect> attribute width: A negative value is not valid. ("-32") @ https://www.bumeran.com.ar/candidate/static/js/main.261721ad.js:1397
[    2148ms] [ERROR] Error: <rect> attribute width: A negative value is not valid. ("-16") @ https://www.bumeran.com.ar/candidate/static/js/main.261721ad.js:1397
[    2148ms] [ERROR] Error: <rect> attribute width: A negative value is not valid. ("-19.2") @ https://www.bumeran.com.ar/candidate/static/js/main.261721ad.js:1397
[    2148ms] [ERROR] Error: <rect> attribute width: A negative value is not valid. ("-16") @ https://www.bumeran.com.ar/candidate/static/js/main.261721ad.js:1397
[    2148ms] [ERROR] Error: <rect> attribute width: A negative value is not valid. ("-32") @ https://www.bumeran.com.ar/candidate/static/js/main.261721ad.js:1397
[    2148ms] [ERROR] Error: <rect> attribute width: A negative value is not valid. ("-32") @ https://www.bumeran.com.ar/candidate/static/js/main.261721ad.js:1397
[    2149ms] [ERROR] Error: <svg> attribute viewBox: Expected number, "0 0 100% 100%". @ https://www.bumeran.com.ar/candidate/static/js/main.261721ad.js:1397
[    2149ms] [ERROR] Error: <path> attribute d: Expected arc flag ('0' or '1'), "M 0 8 a 8 8 0 18 -8 h 312 a 8 8‚Ä¶". @ https://www.bumeran.com.ar/candidate/static/js/main.261721ad.js:1397
[    2149ms] [ERROR] Error: <rect> attribute width: A negative value is not valid. ("-32") @ https://www.bumeran.com.ar/candidate/static/js/main.261721ad.js:1397
[    2149ms] [ERROR] Error: <rect> attribute width: A negative value is not valid. ("-16") @ https://www.bumeran.com.ar/candidate/static/js/main.261721ad.js:1397
[    2149ms] [ERROR] Error: <rect> attribute width: A negative value is not valid. ("-19.2") @ https://www.bumeran.com.ar/candidate/static/js/main.261721ad.js:1397
[    2149ms] [ERROR] Error: <rect> attribute width: A negative value is not valid. ("-16") @ https://www.bumeran.com.ar/candidate/static/js/main.261721ad.js:1397
[    2149ms] [ERROR] Error: <rect> attribute width: A negative value is not valid. ("-32") @ https://www.bumeran.com.ar/candidate/static/js/main.261721ad.js:1397
[    2150ms] [ERROR] Error: <rect> attribute width: A negative value is not valid. ("-32") @ https://www.bumeran.com.ar/candidate/static/js/main.261721ad.js:1397
[    2150ms] [ERROR] Error: <svg> attribute viewBox: Expected number, "0 0 100% 100%". @ https://www.bumeran.com.ar/candidate/static/js/main.261721ad.js:1397
[    2150ms] [ERROR] Error: <path> attribute d: Expected arc flag ('0' or '1'), "M 0 8 a 8 8 0 18 -8 h 312 a 8 8‚Ä¶". @ https://www.bumeran.com.ar/candidate/static/js/main.261721ad.js:1397
[    2150ms] [ERROR] Error: <rect> attribute width: A negative value is not valid. ("-32") @ https://www.bumeran.com.ar/candidate/static/js/main.261721ad.js:1397
[    2150ms] [ERROR] Error: <rect> attribute width: A negative value is not valid. ("-16") @ https://www.bumeran.com.ar/candidate/static/js/main.261721ad.js:1397
[    2153ms] [ERROR] Error: <rect> attribute width: A negative value is not valid. ("-19.2") @ https://www.bumeran.com.ar/candidate/static/js/main.261721ad.js:1397
[    2153ms] [ERROR] Error: <rect> attribute width: A negative value is not valid. ("-16") @ https://www.bumeran.com.ar/candidate/static/js/main.261721ad.js:1397
[    2153ms] [ERROR] Error: <rect> attribute width: A negative value is not valid. ("-32") @ https://www.bumeran.com.ar/candidate/static/js/main.261721ad.js:1397
[    2153ms] [ERROR] Error: <rect> attribute width: A negative value is not valid. ("-32") @ https://www.bumeran.com.ar/candidate/static/js/main.261721ad.js:1397
[    2153ms] [ERROR] Error: <svg> attribute viewBox: Expected number, "0 0 100% 100%". @ https://www.bumeran.com.ar/candidate/static/js/main.261721ad.js:1397
[    2154ms] [ERROR] Error: <path> attribute d: Expected arc flag ('0' or '1'), "M 0 8 a 8 8 0 18 -8 h 312 a 8 8‚Ä¶". @ https://www.bumeran.com.ar/candidate/static/js/main.261721ad.js:1397
[    2154ms] [ERROR] Error: <rect> attribute width: A negative value is not valid. ("-32") @ https://www.bumeran.com.ar/candidate/static/js/main.261721ad.js:1397
[    2154ms] [ERROR] Error: <rect> attribute width: A negative value is not valid. ("-16") @ https://www.bumeran.com.ar/candidate/static/js/main.261721ad.js:1397
[    2154ms] [ERROR] Error: <rect> attribute width: A negative value is not valid. ("-19.2") @ https://www.bumeran.com.ar/candidate/static/js/main.261721ad.js:1397
[    2154ms] [ERROR] Error: <rect> attribute width: A negative value is not valid. ("-16") @ https://www.bumeran.com.ar/candidate/static/js/main.261721ad.js:1397
[    2154ms] [ERROR] Error: <rect> attribute width: A negative value is not valid. ("-32") @ https://www.bumeran.com.ar/candidate/static/js/main.261721ad.js:1397
[    2154ms] [ERROR] Error: <rect> attribute width: A negative value is not valid. ("-32") @ https://www.bumeran.com.ar/candidate/static/js/main.261721ad.js:1397
[    2154ms] [ERROR] Error: <svg> attribute viewBox: Expected number, "0 0 100% 100%". @ https://www.bumeran.com.ar/candidate/static/js/main.261721ad.js:1397
[    2155ms] [ERROR] Error: <path> attribute d: Expected arc flag ('0' or '1'), "M 0 8 a 8 8 0 18 -8 h 312 a 8 8‚Ä¶". @ https://www.bumeran.com.ar/candidate/static/js/main.261721ad.js:1397
[    2155ms] [ERROR] Error: <rect> attribute width: A negative value is not valid. ("-32") @ https://www.bumeran.com.ar/candidate/static/js/main.261721ad.js:1397
[    2155ms] [ERROR] Error: <rect> attribute width: A negative value is not valid. ("-16") @ https://www.bumeran.com.ar/candidate/static/js/main.261721ad.js:1397
[    2155ms] [ERROR] Error: <rect> attribute width: A negative value is not valid. ("-19.2") @ https://www.bumeran.com.ar/candidate/static/js/main.261721ad.js:1397
[    2155ms] [ERROR] Error: <rect> attribute width: A negative value is not valid. ("-16") @ https://www.bumeran.com.ar/candidate/static/js/main.261721ad.js:1397
[    2155ms] [ERROR] Error: <rect> attribute width: A negative value is not valid. ("-32") @ https://www.bumeran.com.ar/candidate/static/js/main.261721ad.js:1397
[    2155ms] [ERROR] Error: <rect> attribute width: A negative value is not valid. ("-32") @ https://www.bumeran.com.ar/candidate/static/js/main.261721ad.js:1397
[    2155ms] [ERROR] Error: <svg> attribute viewBox: Expected number, "0 0 100% 100%". @ https://www.bumeran.com.ar/candidate/static/js/main.261721ad.js:1397
[    2156ms] [ERROR] Error: <path> attribute d: Expected arc flag ('0' or '1'), "M 0 8 a 8 8 0 18 -8 h 312 a 8 8‚Ä¶". @ https://www.bumeran.com.ar/candidate/static/js/main.261721ad.js:1397
[    2156ms] [ERROR] Error: <rect> attribute width: A negative value is not valid. ("-32") @ https://www.bumeran.com.ar/candidate/static/js/main.261721ad.js:1397
[    2156ms] [ERROR] Error: <rect> attribute width: A negative value is not valid. ("-16") @ https://www.bumeran.com.ar/candidate/static/js/main.261721ad.js:1397
[    2156ms] [ERROR] Error: <rect> attribute width: A negative value is not valid. ("-19.2") @ https://www.bumeran.com.ar/candidate/static/js/main.261721ad.js:1397
[    2156ms] [ERROR] Error: <rect> attribute width: A negative value is not valid. ("-16") @ https://www.bumeran.com.ar/candidate/static/js/main.261721ad.js:1397
[    2156ms] [ERROR] Error: <rect> attribute width: A negative value is not valid. ("-32") @ https://www.bumeran.com.ar/candidate/static/js/main.261721ad.js:1397
[    2156ms] [ERROR] Error: <rect> attribute width: A negative value is not valid. ("-32") @ https://www.bumeran.com.ar/candidate/static/js/main.261721ad.js:1397
[    2156ms] [ERROR] Error: <svg> attribute viewBox: Expected number, "0 0 100% 100%". @ https://www.bumeran.com.ar/candidate/static/js/main.261721ad.js:1397
[    2265ms] [ERROR] Not signed in with the identity provider. @ https://www.bumeran.com.ar/empleos-busqueda-react-developer.html:0
[    2967ms] [WARNING] [Meta Pixel] - Invalid PixelID: null. @ https://connect.facebook.net/en_US/fbevents.js:175
[    7538ms] [ERROR] [GSI_LOGGER]: FedCM get() rejects with NetworkError: Error retrieving a token. @ https://accounts.google.com/gsi/client:81
