[     431ms] [LOG] %c
                                               
      ‚Ėą‚Ėą‚ēó ‚Ėą‚Ėą‚Ėą‚Ėą‚Ėą‚ēó ‚Ėą‚Ėą‚Ėą‚Ėą‚Ėą‚Ėą‚ēó ‚Ėą‚Ėą‚ēó‚Ėą‚Ėą‚Ėą‚ēó  ‚Ėą‚Ėą‚ēó‚Ėą‚Ėą‚Ėą‚Ėą‚Ėą‚Ėą‚Ėą‚Ėą‚ēó 
      ‚Ėą‚Ėą‚ēĎ‚Ėą‚Ėą‚ēĒ‚ēź‚ēź‚Ėą‚Ėą‚ēó‚Ėą‚Ėą‚ēĒ‚ēź‚ēź‚Ėą‚Ėą‚ēó‚Ėą‚Ėą‚ēĎ‚Ėą‚Ėą‚Ėą‚Ėą‚ēó ‚Ėą‚Ėą‚ēĎ‚ēö‚ēź‚ēź‚Ėą‚Ėą‚ēĒ‚ēź‚ēź‚ēĚ 
      ‚Ėą‚Ėą‚ēĎ‚Ėą‚Ėą‚ēĎ  ‚Ėą‚Ėą‚ēĎ‚Ėą‚Ėą‚Ėą‚Ėą‚Ėą‚Ėą‚ēĒ‚ēĚ‚Ėą‚Ėą‚ēĎ‚Ėą‚Ėą‚ēĒ‚Ėą‚Ėą‚ēó‚Ėą‚Ėą‚ēĎ   ‚Ėą‚Ėą‚ēĎ    
 ‚Ėą‚Ėą‚ēó  ‚Ėą‚Ėą‚ēĎ‚Ėą‚Ėą‚ēĎ  ‚Ėą‚Ėą‚ēĎ‚Ėą‚Ėą‚ēĒ‚ēź‚ēź‚Ėą‚Ėą‚ēó‚Ėą‚Ėą‚ēĎ‚Ėą‚Ėą‚ēĎ‚ēö‚Ėą‚Ėą‚Ėą‚Ėą‚ēĎ   ‚Ėą‚Ėą‚ēĎ    
 ‚ēö‚Ėą‚Ėą‚Ėą‚Ėą‚Ėą‚ēĒ‚ēĚ‚ēö‚Ėą‚Ėą‚Ėą‚Ėą‚Ėą‚ēĒ‚ēĚ‚Ėą‚Ėą‚Ėą‚Ėą‚Ėą‚Ėą‚ēĒ‚ēĚ‚Ėą‚Ėą‚ēĎ‚Ėą‚Ėą‚ēĎ ‚ēö‚Ėą‚Ėą‚Ėą‚ēĎ   ‚Ėą‚Ėą‚ēĎ    
  ‚ēö‚ēź‚ēź‚ēź‚ēź‚ēĚ  ‚ēö‚ēź‚ēź‚ēź‚ēź‚ēĚ ‚ēö‚ēź‚ēź‚ēź‚ēź‚ēź‚ēĚ ‚ēö‚ēź‚ēĚ‚ēö‚ēź‚ēĚ  ‚ēö‚ēź‚ēź‚ēĚ   ‚ēö‚ēź‚ēĚ    
                                               
     TRABAJANDO PARA QUE CONSIGAS LABURO!      
 font-family:monospace;color:#0A26EE;font-size:12px; @ https://www.bumeran.com.ar/candidate/static/js/main.261721ad.js:9527
[     667ms] [ERROR] Failed to load resource: the server responded with a status of 404 () @ https://www.bumeran.com.ar/favicon.ico:0
[     721ms] [ERROR] Error: <svg> attribute viewBox: Expected number, "0 0 100% 57". @ https://www.bumeran.com.ar/candidate/static/js/main.261721ad.js:1397
[     722ms] [ERROR] Error: <svg> attribute viewBox: Expected number, "0 0 100% 48". @ https://www.bumeran.com.ar/candidate/static/js/main.261721ad.js:1397
[     722ms] [ERROR] Error: <svg> attribute viewBox: Expected number, "0 0 100% 48". @ https://www.bumeran.com.ar/candidate/static/js/main.261721ad.js:1397
[     723ms] [ERROR] Error: <svg> attribute viewBox: Expected number, "0 0 100% 48". @ https://www.bumeran.com.ar/candidate/static/js/main.261721ad.js:1397
[     723ms] [ERROR] Error: <rect> attribute width: A negative value is not valid. ("-12.8") @ https://www.bumeran.com.ar/candidate/static/js/main.261721ad.js:1397
[     723ms] [ERROR] Error: <rect> attribute width: A negative value is not valid. ("-19.2") @ https://www.bumeran.com.ar/candidate/static/js/main.261721ad.js:1397
[     723ms] [ERROR] Error: <rect> attribute width: A negative value is not valid. ("-16") @ https://www.bumeran.com.ar/candidate/static/js/main.261721ad.js:1397
[     723ms] [ERROR] Error: <rect> attribute width: A negative value is not valid. ("-22.4") @ https://www.bumeran.com.ar/candidate/static/js/main.261721ad.js:1397
[     723ms] [ERROR] Error: <rect> attribute width: A negative value is not valid. ("-32") @ https://www.bumeran.com.ar/candidate/static/js/main.261721ad.js:1397
[     724ms] [ERROR] Error: <rect> attribute width: A negative value is not valid. ("-32") @ https://www.bumeran.com.ar/candidate/static/js/main.261721ad.js:1397
[     724ms] [ERROR] Error: <rect> attribute width: A negative value is not valid. ("-28.8") @ https://www.bumeran.com.ar/candidate/static/js/main.261721ad.js:1397
[     724ms] [ERROR] Error: <svg> attribute viewBox: Expected number, "0 0 100% 100%". @ https://www.bumeran.com.ar/candidate/static/js/main.261721ad.js:1397
[     724ms] [ERROR] Error: <svg> attribute viewBox: Expected number, "0 0 100% 100%". @ https://www.bumeran.com.ar/candidate/static/js/main.261721ad.js:1397
[     725ms] [ERROR] Error: <rect> attribute width: A negative value is not valid. ("-80") @ https://www.bumeran.com.ar/candidate/static/js/main.261721ad.js:1397
[     725ms] [ERROR] Error: <rect> attribute width: A negative value is not valid. ("-80") @ https://www.bumeran.com.ar/candidate/static/js/main.261721ad.js:1397
[     725ms] [ERROR] Error: <rect> attribute width: A negative value is not valid. ("-80") @ https://www.bumeran.com.ar/candidate/static/js/main.261721ad.js:1397
[     728ms] [ERROR] Error: <rect> attribute width: A negative value is not valid. ("-80") @ https://www.bumeran.com.ar/candidate/static/js/main.261721ad.js:1397
[     729ms] [ERROR] Error: <rect> attribute width: A negative value is not valid. ("-80") @ https://www.bumeran.com.ar/candidate/static/js/main.261721ad.js:1397
[     729ms] [ERROR] Error: <rect> attribute width: A negative value is not valid. ("-76") @ https://www.bumeran.com.ar/candidate/static/js/main.261721ad.js:1397
[     729ms] [ERROR] Error: <rect> attribute width: A negative value is not valid. ("-40") @ https://www.bumeran.com.ar/candidate/static/js/main.261721ad.js:1397
[     729ms] [ERROR] Error: <rect> attribute width: A negative value is not valid. ("-80") @ https://www.bumeran.com.ar/candidate/static/js/main.261721ad.js:1397
[     733ms] [ERROR] Error: <svg> attribute viewBox: Expected number, "0 0 100% 661". @ https://www.bumeran.com.ar/candidate/static/js/main.261721ad.js:1397
[     775ms] [ERROR] Not signed in with the identity provider. @ https://www.bumeran.com.ar/empleos/semisr-full-stack-developer-node-react-aws-mindit-hr-agency-1118193886.html:0
[    1023ms] [WARNING] [Meta Pixel] - Invalid PixelID: null. @ https://connect.facebook.net/en_US/fbevents.js:175
[    1724ms] [ERROR] Error: <rect> attribute width: A negative value is not valid. ("-80") @ https://www.bumeran.com.ar/candidate/static/js/main.261721ad.js:1397
[    1725ms] [ERROR] Error: <rect> attribute width: A negative value is not valid. ("-80") @ https://www.bumeran.com.ar/candidate/static/js/main.261721ad.js:1397
[    1725ms] [ERROR] Error: <rect> attribute width: A negative value is not valid. ("-80") @ https://www.bumeran.com.ar/candidate/static/js/main.261721ad.js:1397
[    1725ms] [ERROR] Error: <rect> attribute width: A negative value is not valid. ("-80") @ https://www.bumeran.com.ar/candidate/static/js/main.261721ad.js:1397
[    1725ms] [ERROR] Error: <rect> attribute width: A negative value is not valid. ("-80") @ https://www.bumeran.com.ar/candidate/static/js/main.261721ad.js:1397
[    1725ms] [ERROR] Error: <rect> attribute width: A negative value is not valid. ("-76") @ https://www.bumeran.com.ar/candidate/static/js/main.261721ad.js:1397
[    1725ms] [ERROR] Error: <rect> attribute width: A negative value is not valid. ("-40") @ https://www.bumeran.com.ar/candidate/static/js/main.261721ad.js:1397
[    1725ms] [ERROR] Error: <rect> attribute width: A negative value is not valid. ("-80") @ https://www.bumeran.com.ar/candidate/static/js/main.261721ad.js:1397
[    1725ms] [ERROR] Error: <svg> attribute viewBox: Expected number, "0 0 100% 661". @ https://www.bumeran.com.ar/candidate/static/js/main.261721ad.js:1397
[    9047ms] [WARNING] The resource https://www.bumeran.com.ar/candidate/static/media/resultado.ac61c9aa.svg was preloaded using link preload but not used within a few seconds from the window's load event. Please make sure it has an appropriate `as` value and it is preloaded intentionally. @ https://www.bumeran.com.ar/empleos/semisr-full-stack-developer-node-react-aws-mindit-hr-agency-1118193886.html:0
[   13359ms] [ERROR] [GSI_LOGGER]: FedCM get() rejects with NetworkError: Error retrieving a token. @ https://accounts.google.com/gsi/client:81
[   14697ms] [WARNING] The resource https://www.bumeran.com.ar/candidate/static/media/resultado.ac61c9aa.svg was preloaded using link preload but not used within a few seconds from the window's load event. Please make sure it has an appropriate `as` value and it is preloaded intentionally. @ https://www.bumeran.com.ar/empleos/semisr-full-stack-developer-node-react-aws-mindit-hr-agency-1118193886.html:0
[   24264ms] [WARNING] The resource https://www.bumeran.com.ar/candidate/static/media/resultado.ac61c9aa.svg was preloaded using link preload but not used within a few seconds from the window's load event. Please make sure it has an appropriate `as` value and it is preloaded intentionally. @ https://www.bumeran.com.ar/empleos/semisr-full-stack-developer-node-react-aws-mindit-hr-agency-1118193886.html:0
[   34289ms] [WARNING] The resource https://www.bumeran.com.ar/candidate/static/media/resultado.ac61c9aa.svg was preloaded using link preload but not used within a few seconds from the window's load event. Please make sure it has an appropriate `as` value and it is preloaded intentionally. @ https://www.bumeran.com.ar/empleos/semisr-full-stack-developer-node-react-aws-mindit-hr-agency-1118193886.html:0
[   44245ms] [WARNING] The resource https://www.bumeran.com.ar/candidate/static/media/resultado.ac61c9aa.svg was preloaded using link preload but not used within a few seconds from the window's load event. Please make sure it has an appropriate `as` value and it is preloaded intentionally. @ https://www.bumeran.com.ar/empleos/semisr-full-stack-developer-node-react-aws-mindit-hr-agency-1118193886.html:0
[   54264ms] [WARNING] The resource https://www.bumeran.com.ar/candidate/static/media/resultado.ac61c9aa.svg was preloaded using link preload but not used within a few seconds from the window's load event. Please make sure it has an appropriate `as` value and it is preloaded intentionally. @ https://www.bumeran.com.ar/empleos/semisr-full-stack-developer-node-react-aws-mindit-hr-agency-1118193886.html:0
[   64332ms] [WARNING] The resource https://www.bumeran.com.ar/candidate/static/media/resultado.ac61c9aa.svg was preloaded using link preload but not used within a few seconds from the window's load event. Please make sure it has an appropriate `as` value and it is preloaded intentionally. @ https://www.bumeran.com.ar/empleos/semisr-full-stack-developer-node-react-aws-mindit-hr-agency-1118193886.html:0
[   68490ms] [WARNING] The resource https://www.bumeran.com.ar/candidate/static/media/resultado.ac61c9aa.svg was preloaded using link preload but not used within a few seconds from the window's load event. Please make sure it has an appropriate `as` value and it is preloaded intentionally. @ https://www.bumeran.com.ar/empleos/semisr-full-stack-developer-node-react-aws-mindit-hr-agency-1118193886.html:0
[   74299ms] [WARNING] The resource https://www.bumeran.com.ar/candidate/static/media/resultado.ac61c9aa.svg was preloaded using link preload but not used within a few seconds from the window's load event. Please make sure it has an appropriate `as` value and it is preloaded intentionally. @ https://www.bumeran.com.ar/empleos/semisr-full-stack-developer-node-react-aws-mindit-hr-agency-1118193886.html:0
[   84285ms] [WARNING] The resource https://www.bumeran.com.ar/candidate/static/media/resultado.ac61c9aa.svg was preloaded using link preload but not used within a few seconds from the window's load event. Please make sure it has an appropriate `as` value and it is preloaded intentionally. @ https://www.bumeran.com.ar/empleos/semisr-full-stack-developer-node-react-aws-mindit-hr-agency-1118193886.html:0
[   94294ms] [WARNING] The resource https://www.bumeran.com.ar/candidate/static/media/resultado.ac61c9aa.svg was preloaded using link preload but not used within a few seconds from the window's load event. Please make sure it has an appropriate `as` value and it is preloaded intentionally. @ https://www.bumeran.com.ar/empleos/semisr-full-stack-developer-node-react-aws-mindit-hr-agency-1118193886.html:0
[  104276ms] [WARNING] The resource https://www.bumeran.com.ar/candidate/static/media/resultado.ac61c9aa.svg was preloaded using link preload but not used within a few seconds from the window's load event. Please make sure it has an appropriate `as` value and it is preloaded intentionally. @ https://www.bumeran.com.ar/empleos/semisr-full-stack-developer-node-react-aws-mindit-hr-agency-1118193886.html:0
[  114297ms] [WARNING] The resource https://www.bumeran.com.ar/candidate/static/media/resultado.ac61c9aa.svg was preloaded using link preload but not used within a few seconds from the window's load event. Please make sure it has an appropriate `as` value and it is preloaded intentionally. @ https://www.bumeran.com.ar/empleos/semisr-full-stack-developer-node-react-aws-mindit-hr-agency-1118193886.html:0
[  124314ms] [WARNING] The resource https://www.bumeran.com.ar/candidate/static/media/resultado.ac61c9aa.svg was preloaded using link preload but not used within a few seconds from the window's load event. Please make sure it has an appropriate `as` value and it is preloaded intentionally. @ https://www.bumeran.com.ar/empleos/semisr-full-stack-developer-node-react-aws-mindit-hr-agency-1118193886.html:0
[  129507ms] [WARNING] The resource https://www.bumeran.com.ar/candidate/static/media/resultado.ac61c9aa.svg was preloaded using link preload but not used within a few seconds from the window's load event. Please make sure it has an appropriate `as` value and it is preloaded intentionally. @ https://www.bumeran.com.ar/empleos/semisr-full-stack-developer-node-react-aws-mindit-hr-agency-1118193886.html:0
[  134318ms] [WARNING] The resource https://www.bumeran.com.ar/candidate/static/media/resultado.ac61c9aa.svg was preloaded using link preload but not used within a few seconds from the window's load event. Please make sure it has an appropriate `as` value and it is preloaded intentionally. @ https://www.bumeran.com.ar/empleos/semisr-full-stack-developer-node-react-aws-mindit-hr-agency-1118193886.html:0
[  144315ms] [WARNING] The resource https://www.bumeran.com.ar/candidate/static/media/resultado.ac61c9aa.svg was preloaded using link preload but not used within a few seconds from the window's load event. Please make sure it has an appropriate `as` value and it is preloaded intentionally. @ https://www.bumeran.com.ar/empleos/semisr-full-stack-developer-node-react-aws-mindit-hr-agency-1118193886.html:0
[  154329ms] [WARNING] The resource https://www.bumeran.com.ar/candidate/static/media/resultado.ac61c9aa.svg was preloaded using link preload but not used within a few seconds from the window's load event. Please make sure it has an appropriate `as` value and it is preloaded intentionally. @ https://www.bumeran.com.ar/empleos/semisr-full-stack-developer-node-react-aws-mindit-hr-agency-1118193886.html:0
[  164324ms] [WARNING] The resource https://www.bumeran.com.ar/candidate/static/media/resultado.ac61c9aa.svg was preloaded using link preload but not used within a few seconds from the window's load event. Please make sure it has an appropriate `as` value and it is preloaded intentionally. @ https://www.bumeran.com.ar/empleos/semisr-full-stack-developer-node-react-aws-mindit-hr-agency-1118193886.html:0
[  174422ms] [WARNING] The resource https://www.bumeran.com.ar/candidate/static/media/resultado.ac61c9aa.svg was preloaded using link preload but not used within a few seconds from the window's load event. Please make sure it has an appropriate `as` value and it is preloaded intentionally. @ https://www.bumeran.com.ar/empleos/semisr-full-stack-developer-node-react-aws-mindit-hr-agency-1118193886.html:0
[  184333ms] [WARNING] The resource https://www.bumeran.com.ar/candidate/static/media/resultado.ac61c9aa.svg was preloaded using link preload but not used within a few seconds from the window's load event. Please make sure it has an appropriate `as` value and it is preloaded intentionally. @ https://www.bumeran.com.ar/empleos/semisr-full-stack-developer-node-react-aws-mindit-hr-agency-1118193886.html:0
[  190522ms] [WARNING] The resource https://www.bumeran.com.ar/candidate/static/media/resultado.ac61c9aa.svg was preloaded using link preload but not used within a few seconds from the window's load event. Please make sure it has an appropriate `as` value and it is preloaded intentionally. @ https://www.bumeran.com.ar/empleos/semisr-full-stack-developer-node-react-aws-mindit-hr-agency-1118193886.html:0
[  194378ms] [WARNING] The resource https://www.bumeran.com.ar/candidate/static/media/resultado.ac61c9aa.svg was preloaded using link preload but not used within a few seconds from the window's load event. Please make sure it has an appropriate `as` value and it is preloaded intentionally. @ https://www.bumeran.com.ar/empleos/semisr-full-stack-developer-node-react-aws-mindit-hr-agency-1118193886.html:0
[  204377ms] [WARNING] The resource https://www.bumeran.com.ar/candidate/static/media/resultado.ac61c9aa.svg was preloaded using link preload but not used within a few seconds from the window's load event. Please make sure it has an appropriate `as` value and it is preloaded intentionally. @ https://www.bumeran.com.ar/empleos/semisr-full-stack-developer-node-react-aws-mindit-hr-agency-1118193886.html:0
[  214388ms] [WARNING] The resource https://www.bumeran.com.ar/candidate/static/media/resultado.ac61c9aa.svg was preloaded using link preload but not used within a few seconds from the window's load event. Please make sure it has an appropriate `as` value and it is preloaded intentionally. @ https://www.bumeran.com.ar/empleos/semisr-full-stack-developer-node-react-aws-mindit-hr-agency-1118193886.html:0
[  224430ms] [WARNING] The resource https://www.bumeran.com.ar/candidate/static/media/resultado.ac61c9aa.svg was preloaded using link preload but not used within a few seconds from the window's load event. Please make sure it has an appropriate `as` value and it is preloaded intentionally. @ https://www.bumeran.com.ar/empleos/semisr-full-stack-developer-node-react-aws-mindit-hr-agency-1118193886.html:0
[  234396ms] [WARNING] The resource https://www.bumeran.com.ar/candidate/static/media/resultado.ac61c9aa.svg was preloaded using link preload but not used within a few seconds from the window's load event. Please make sure it has an appropriate `as` value and it is preloaded intentionally. @ https://www.bumeran.com.ar/empleos/semisr-full-stack-developer-node-react-aws-mindit-hr-agency-1118193886.html:0
[  244386ms] [WARNING] The resource https://www.bumeran.com.ar/candidate/static/media/resultado.ac61c9aa.svg was preloaded using link preload but not used within a few seconds from the window's load event. Please make sure it has an appropriate `as` value and it is preloaded intentionally. @ https://www.bumeran.com.ar/empleos/semisr-full-stack-developer-node-react-aws-mindit-hr-agency-1118193886.html:0
[  254396ms] [WARNING] The resource https://www.bumeran.com.ar/candidate/static/media/resultado.ac61c9aa.svg was preloaded using link preload but not used within a few seconds from the window's load event. Please make sure it has an appropriate `as` value and it is preloaded intentionally. @ https://www.bumeran.com.ar/empleos/semisr-full-stack-developer-node-react-aws-mindit-hr-agency-1118193886.html:0
[  264416ms] [WARNING] The resource https://www.bumeran.com.ar/candidate/static/media/resultado.ac61c9aa.svg was preloaded using link preload but not used within a few seconds from the window's load event. Please make sure it has an appropriate `as` value and it is preloaded intentionally. @ https://www.bumeran.com.ar/empleos/semisr-full-stack-developer-node-react-aws-mindit-hr-agency-1118193886.html:0
[  274438ms] [WARNING] The resource https://www.bumeran.com.ar/candidate/static/media/resultado.ac61c9aa.svg was preloaded using link preload but not used within a few seconds from the window's load event. Please make sure it has an appropriate `as` value and it is preloaded intentionally. @ https://www.bumeran.com.ar/empleos/semisr-full-stack-developer-node-react-aws-mindit-hr-agency-1118193886.html:0
[  284429ms] [WARNING] The resource https://www.bumeran.com.ar/candidate/static/media/resultado.ac61c9aa.svg was preloaded using link preload but not used within a few seconds from the window's load event. Please make sure it has an appropriate `as` value and it is preloaded intentionally. @ https://www.bumeran.com.ar/empleos/semisr-full-stack-developer-node-react-aws-mindit-hr-agency-1118193886.html:0
[  294544ms] [WARNING] The resource https://www.bumeran.com.ar/candidate/static/media/resultado.ac61c9aa.svg was preloaded using link preload but not used within a few seconds from the window's load event. Please make sure it has an appropriate `as` value and it is preloaded intentionally. @ https://www.bumeran.com.ar/empleos/semisr-full-stack-developer-node-react-aws-mindit-hr-agency-1118193886.html:0
[  305503ms] [WARNING] The resource https://www.bumeran.com.ar/candidate/static/media/resultado.ac61c9aa.svg was preloaded using link preload but not used within a few seconds from the window's load event. Please make sure it has an appropriate `as` value and it is preloaded intentionally. @ https://www.bumeran.com.ar/empleos/semisr-full-stack-developer-node-react-aws-mindit-hr-agency-1118193886.html:0
[  314464ms] [WARNING] The resource https://www.bumeran.com.ar/candidate/static/media/resultado.ac61c9aa.svg was preloaded using link preload but not used within a few seconds from the window's load event. Please make sure it has an appropriate `as` value and it is preloaded intentionally. @ https://www.bumeran.com.ar/empleos/semisr-full-stack-developer-node-react-aws-mindit-hr-agency-1118193886.html:0
[  324473ms] [WARNING] The resource https://www.bumeran.com.ar/candidate/static/media/resultado.ac61c9aa.svg was preloaded using link preload but not used within a few seconds from the window's load event. Please make sure it has an appropriate `as` value and it is preloaded intentionally. @ https://www.bumeran.com.ar/empleos/semisr-full-stack-developer-node-react-aws-mindit-hr-agency-1118193886.html:0
[  334477ms] [WARNING] The resource https://www.bumeran.com.ar/candidate/static/media/resultado.ac61c9aa.svg was preloaded using link preload but not used within a few seconds from the window's load event. Please make sure it has an appropriate `as` value and it is preloaded intentionally. @ https://www.bumeran.com.ar/empleos/semisr-full-stack-developer-node-react-aws-mindit-hr-agency-1118193886.html:0
[  344517ms] [WARNING] The resource https://www.bumeran.com.ar/candidate/static/media/resultado.ac61c9aa.svg was preloaded using link preload but not used within a few seconds from the window's load event. Please make sure it has an appropriate `as` value and it is preloaded intentionally. @ https://www.bumeran.com.ar/empleos/semisr-full-stack-developer-node-react-aws-mindit-hr-agency-1118193886.html:0
[  354584ms] [ERROR] Failed to load resource: net::ERR_NAME_NOT_RESOLVED @ https://bam.nr-data.net/jserrors/1/3b2b1dcce6?a=504634595&sa=1&v=1.274.0&t=Unnamed%20Transaction&rst=351288&ck=0&s=2518249fccc86a42&ref=https://www.bumeran.com.ar/empleos/semisr-full-stack-developer-node-react-aws-mindit-hr-agency-1118193886.html&ptid=f003f8182c66e790:0
[  357589ms] [WARNING] The resource https://www.bumeran.com.ar/candidate/static/media/resultado.ac61c9aa.svg was preloaded using link preload but not used within a few seconds from the window's load event. Please make sure it has an appropriate `as` value and it is preloaded intentionally. @ https://www.bumeran.com.ar/empleos/semisr-full-stack-developer-node-react-aws-mindit-hr-agency-1118193886.html:0
[  364862ms] [WARNING] The resource https://www.bumeran.com.ar/candidate/static/media/resultado.ac61c9aa.svg was preloaded using link preload but not used within a few seconds from the window's load event. Please make sure it has an appropriate `as` value and it is preloaded intentionally. @ https://www.bumeran.com.ar/empleos/semisr-full-stack-developer-node-react-aws-mindit-hr-agency-1118193886.html:0
[  374486ms] [WARNING] The resource https://www.bumeran.com.ar/candidate/static/media/resultado.ac61c9aa.svg was preloaded using link preload but not used within a few seconds from the window's load event. Please make sure it has an appropriate `as` value and it is preloaded intentionally. @ https://www.bumeran.com.ar/empleos/semisr-full-stack-developer-node-react-aws-mindit-hr-agency-1118193886.html:0
[  384503ms] [WARNING] The resource https://www.bumeran.com.ar/candidate/static/media/resultado.ac61c9aa.svg was preloaded using link preload but not used within a few seconds from the window's load event. Please make sure it has an appropriate `as` value and it is preloaded intentionally. @ https://www.bumeran.com.ar/empleos/semisr-full-stack-developer-node-react-aws-mindit-hr-agency-1118193886.html:0
[  396618ms] [WARNING] The resource https://www.bumeran.com.ar/candidate/static/media/resultado.ac61c9aa.svg was preloaded using link preload but not used within a few seconds from the window's load event. Please make sure it has an appropriate `as` value and it is preloaded intentionally. @ https://www.bumeran.com.ar/empleos/semisr-full-stack-developer-node-react-aws-mindit-hr-agency-1118193886.html:0
[  406031ms] [WARNING] The resource https://www.bumeran.com.ar/candidate/static/media/resultado.ac61c9aa.svg was preloaded using link preload but not used within a few seconds from the window's load event. Please make sure it has an appropriate `as` value and it is preloaded intentionally. @ https://www.bumeran.com.ar/empleos/semisr-full-stack-developer-node-react-aws-mindit-hr-agency-1118193886.html:0
[  414673ms] [WARNING] The resource https://www.bumeran.com.ar/candidate/static/media/resultado.ac61c9aa.svg was preloaded using link preload but not used within a few seconds from the window's load event. Please make sure it has an appropriate `as` value and it is preloaded intentionally. @ https://www.bumeran.com.ar/empleos/semisr-full-stack-developer-node-react-aws-mindit-hr-agency-1118193886.html:0
[  424926ms] [WARNING] The resource https://www.bumeran.com.ar/candidate/static/media/resultado.ac61c9aa.svg was preloaded using link preload but not used within a few seconds from the window's load event. Please make sure it has an appropriate `as` value and it is preloaded intentionally. @ https://www.bumeran.com.ar/empleos/semisr-full-stack-developer-node-react-aws-mindit-hr-agency-1118193886.html:0
[  435754ms] [WARNING] The resource https://www.bumeran.com.ar/candidate/static/media/resultado.ac61c9aa.svg was preloaded using link preload but not used within a few seconds from the window's load event. Please make sure it has an appropriate `as` value and it is preloaded intentionally. @ https://www.bumeran.com.ar/empleos/semisr-full-stack-developer-node-react-aws-mindit-hr-agency-1118193886.html:0
[  444646ms] [WARNING] The resource https://www.bumeran.com.ar/candidate/static/media/resultado.ac61c9aa.svg was preloaded using link preload but not used within a few seconds from the window's load event. Please make sure it has an appropriate `as` value and it is preloaded intentionally. @ https://www.bumeran.com.ar/empleos/semisr-full-stack-developer-node-react-aws-mindit-hr-agency-1118193886.html:0
[  454659ms] [WARNING] The resource https://www.bumeran.com.ar/candidate/static/media/resultado.ac61c9aa.svg was preloaded using link preload but not used within a few seconds from the window's load event. Please make sure it has an appropriate `as` value and it is preloaded intentionally. @ https://www.bumeran.com.ar/empleos/semisr-full-stack-developer-node-react-aws-mindit-hr-agency-1118193886.html:0
[  465075ms] [WARNING] The resource https://www.bumeran.com.ar/candidate/static/media/resultado.ac61c9aa.svg was preloaded using link preload but not used within a few seconds from the window's load event. Please make sure it has an appropriate `as` value and it is preloaded intentionally. @ https://www.bumeran.com.ar/empleos/semisr-full-stack-developer-node-react-aws-mindit-hr-agency-1118193886.html:0
[  474791ms] [WARNING] The resource https://www.bumeran.com.ar/candidate/static/media/resultado.ac61c9aa.svg was preloaded using link preload but not used within a few seconds from the window's load event. Please make sure it has an appropriate `as` value and it is preloaded intentionally. @ https://www.bumeran.com.ar/empleos/semisr-full-stack-developer-node-react-aws-mindit-hr-agency-1118193886.html:0
[  484708ms] [WARNING] The resource https://www.bumeran.com.ar/candidate/static/media/resultado.ac61c9aa.svg was preloaded using link preload but not used within a few seconds from the window's load event. Please make sure it has an appropriate `as` value and it is preloaded intentionally. @ https://www.bumeran.com.ar/empleos/semisr-full-stack-developer-node-react-aws-mindit-hr-agency-1118193886.html:0
[  494727ms] [WARNING] The resource https://www.bumeran.com.ar/candidate/static/media/resultado.ac61c9aa.svg was preloaded using link preload but not used within a few seconds from the window's load event. Please make sure it has an appropriate `as` value and it is preloaded intentionally. @ https://www.bumeran.com.ar/empleos/semisr-full-stack-developer-node-react-aws-mindit-hr-agency-1118193886.html:0
[  504789ms] [WARNING] The resource https://www.bumeran.com.ar/candidate/static/media/resultado.ac61c9aa.svg was preloaded using link preload but not used within a few seconds from the window's load event. Please make sure it has an appropriate `as` value and it is preloaded intentionally. @ https://www.bumeran.com.ar/empleos/semisr-full-stack-developer-node-react-aws-mindit-hr-agency-1118193886.html:0
[  514772ms] [WARNING] The resource https://www.bumeran.com.ar/candidate/static/media/resultado.ac61c9aa.svg was preloaded using link preload but not used within a few seconds from the window's load event. Please make sure it has an appropriate `as` value and it is preloaded intentionally. @ https://www.bumeran.com.ar/empleos/semisr-full-stack-developer-node-react-aws-mindit-hr-agency-1118193886.html:0
